configure: Configuration created at Thu Nov 16 17:08:29 PST 2023.
checking for basename... /usr/bin/basename
checking for dirname... /usr/bin/dirname
checking for file... /usr/bin/file
checking for ldd... no
checking for bash... /bin/bash
checking for cat... /bin/cat
checking for chmod... /bin/chmod
checking for cp... /bin/cp
checking for cut... /usr/bin/cut
checking for date... /bin/date
checking for gdiff... [not found]
checking for diff... /usr/bin/diff
checking for echo... echo [builtin]
checking for expr... /bin/expr
checking for find... /usr/bin/find
checking for gunzip... /usr/bin/gunzip
checking for pigz... [not found]
checking for gzip... /usr/bin/gzip
checking for head... /usr/bin/head
checking for ln... /bin/ln
checking for ls... /bin/ls
checking for gmkdir... [not found]
checking for mkdir... /bin/mkdir
checking for mktemp... /usr/bin/mktemp
checking for mv... /bin/mv
checking for gawk... [not found]
checking for nawk... [not found]
checking for awk... /usr/bin/awk
checking for printf... printf [builtin]
checking for rm... /bin/rm
checking for rmdir... /bin/rmdir
checking for sh... /bin/sh
checking for sort... /usr/bin/sort
checking for tail... /usr/bin/tail
checking for gtar... [not found]
checking for tar... /usr/bin/tar
checking for tee... /usr/bin/tee
checking for touch... /usr/bin/touch
checking for tr... /usr/bin/tr
checking for uname... /usr/bin/uname
checking for wc... /usr/bin/wc
checking for xargs... /usr/bin/xargs
checking for grep that handles long lines and -e... /opt/homebrew/bin/ggrep
checking for egrep... /opt/homebrew/bin/ggrep -E
checking for fgrep... /opt/homebrew/bin/ggrep -F
checking for a sed that does not truncate output... /opt/homebrew/bin/gsed
checking for df... /bin/df
checking for nice... /usr/bin/nice
checking for greadlink... [not found]
checking for readlink... /usr/bin/readlink
checking for cygpath... [not found]
checking for wslpath... [not found]
checking for lsb_release... [not found]
checking for cmd.exe... [not found]
checking for cmp... /usr/bin/cmp
checking for uniq... /usr/bin/uniq
checking build system type... aarch64-apple-darwin23.0.0
checking host system type... aarch64-apple-darwin23.0.0
checking target system type... aarch64-apple-darwin23.0.0
checking openjdk-build os-cpu... macosx-aarch64
checking openjdk-target os-cpu... macosx-aarch64
checking compilation type... native
checking for top-level directory... /Users/yoo/cf-jdk/jdk
checking if custom source is suppressed (openjdk-only)... disabled, default
checking for --enable-debug... disabled, default
checking which debug level to use... release
checking which variants of the JVM to build... server
checking if absolute paths should be allowed in the build output... no, release build
checking for sdk name... 
configure: error: No xcodebuild tool and no system framework headers found, use --with-sysroot or --with-sdk-name to provide a path to a valid SDK
